<?xml version="1.0" encoding="UTF-8"?>
<testsuites name="jest tests" tests="1" failures="0" time="3.848">
  <testsuite name="Dependency Injection" errors="0" failures="0" skipped="0" timestamp="2020-05-14T15:06:17" time="2.904" tests="1">
    <testcase classname="Dependency Injection" name="clear instances if provider is overwritten" time="0.004" file="tests/di.spec.ts">
    </testcase>
  </testsuite>
</testsuites>